<?xml version="1.0" encoding="utf-8"?><testsuites name="pytest tests"><testsuite name="pytest" errors="0" failures="0" skipped="0" tests="20" time="0.951" timestamp="2026-02-06T21:24:21.599581+00:00" hostname="agent-env-ebb90727-c0de-4cb2-8a4d-124436efbe18"><testcase classname="backend.tests.test_admin_endpoints.TestHealthAndBasics" name="test_health_check" time="0.079" /><testcase classname="backend.tests.test_admin_endpoints.TestHealthAndBasics" name="test_api_root" time="0.037" /><testcase classname="backend.tests.test_admin_endpoints.TestAdminAuthorization" name="test_treasury_requires_admin" time="0.035" /><testcase classname="backend.tests.test_admin_endpoints.TestAdminAuthorization" name="test_treasury_rejects_non_admin_user" time="0.038" /><testcase classname="backend.tests.test_admin_endpoints.TestAdminAuthorization" name="test_user_analytics_requires_admin" time="0.082" /><testcase classname="backend.tests.test_admin_endpoints.TestAdminAuthorization" name="test_integrity_monitor_requires_admin" time="0.039" /><testcase classname="backend.tests.test_admin_endpoints.TestAdminAuthorization" name="test_clout_economy_requires_admin" time="0.034" /><testcase classname="backend.tests.test_admin_endpoints.TestAdminAuthorization" name="test_pulse_ledger_requires_admin" time="0.040" /><testcase classname="backend.tests.test_admin_endpoints.TestAdminAuthorization" name="test_clout_airdrop_requires_admin" time="0.034" /><testcase classname="backend.tests.test_admin_endpoints.TestTreasuryEndpoint" name="test_treasury_with_admin_auth" time="0.041" /><testcase classname="backend.tests.test_admin_endpoints.TestUserAnalyticsEndpoint" name="test_user_analytics_returns_correct_structure" time="0.037" /><testcase classname="backend.tests.test_admin_endpoints.TestIntegrityMonitorEndpoint" name="test_integrity_monitor_returns_sponsored_vs_organic" time="0.039" /><testcase classname="backend.tests.test_admin_endpoints.TestCloutEconomyEndpoint" name="test_clout_economy_returns_top_scouts_and_circulation" time="0.041" /><testcase classname="backend.tests.test_admin_endpoints.TestPulseLedgerEndpoint" name="test_pulse_ledger_returns_transaction_history" time="0.040" /><testcase classname="backend.tests.test_admin_endpoints.TestCloutAirdropEndpoint" name="test_airdrop_validation_rejects_invalid_amount" time="0.037" /><testcase classname="backend.tests.test_admin_endpoints.TestCloutAirdropEndpoint" name="test_airdrop_validation_rejects_empty_users" time="0.034" /><testcase classname="backend.tests.test_admin_endpoints.TestCloutAirdropEndpoint" name="test_airdrop_success" time="0.047" /><testcase classname="backend.tests.test_admin_endpoints.TestAirdropHistoryEndpoint" name="test_airdrop_history_returns_list" time="0.054" /><testcase classname="backend.tests.test_admin_endpoints.TestAdminVenuesEndpoint" name="test_admin_venues_returns_list" time="0.035" /><testcase classname="backend.tests.test_admin_endpoints.TestAdminVenuesEndpoint" name="test_admin_venues_filter_by_city" time="0.037" /></testsuite></testsuites>