<?xml version="1.0" encoding="utf-8"?><testsuites name="pytest tests"><testsuite name="pytest" errors="0" failures="0" skipped="0" tests="16" time="3.640" timestamp="2026-03-20T19:53:40.558016+00:00" hostname="agent-env-b9829b73-bcd2-443b-896b-b59a1a4bab59"><testcase classname="backend.tests.test_viibe_api.TestHealthAndRoot" name="test_api_root" time="0.171" /><testcase classname="backend.tests.test_viibe_api.TestReceiptGenerator" name="test_generate_receipt_success" time="0.134" /><testcase classname="backend.tests.test_viibe_api.TestReceiptGenerator" name="test_generate_receipt_anonymous_scout" time="0.129" /><testcase classname="backend.tests.test_viibe_api.TestReceiptGenerator" name="test_generate_receipt_invalid_venue" time="0.158" /><testcase classname="backend.tests.test_viibe_api.TestReceiptGenerator" name="test_generate_receipt_all_venues" time="1.387" /><testcase classname="backend.tests.test_viibe_api.TestWeeklyReport" name="test_weekly_report_success" time="0.126" /><testcase classname="backend.tests.test_viibe_api.TestWeeklyReport" name="test_weekly_report_summary_fields" time="0.122" /><testcase classname="backend.tests.test_viibe_api.TestWeeklyReport" name="test_weekly_report_energy_tiers" time="0.147" /><testcase classname="backend.tests.test_viibe_api.TestWeeklyReport" name="test_weekly_report_top_venues" time="0.137" /><testcase classname="backend.tests.test_viibe_api.TestWeeklyReport" name="test_weekly_report_coldest_venues" time="0.142" /><testcase classname="backend.tests.test_viibe_api.TestWeeklyReport" name="test_weekly_report_district_breakdown" time="0.133" /><testcase classname="backend.tests.test_viibe_api.TestWeeklyReport" name="test_weekly_report_category_breakdown" time="0.131" /><testcase classname="backend.tests.test_viibe_api.TestExistingEndpoints" name="test_city_pulse" time="0.138" /><testcase classname="backend.tests.test_viibe_api.TestExistingEndpoints" name="test_venues_live" time="0.159" /><testcase classname="backend.tests.test_viibe_api.TestExistingEndpoints" name="test_venue_detail" time="0.146" /><testcase classname="backend.tests.test_viibe_api.TestExistingEndpoints" name="test_waitlist_stats" time="0.147" /></testsuite></testsuites>